<?xml version="1.0" encoding="UTF-8"?>
<testng-results ignored="0" total="3" passed="3" failed="0" skipped="0">
  <reporter-output>
  </reporter-output>
  <suite started-at="2023-05-28T06:24:09 GMT-04:00" name="Suite" finished-at="2023-05-28T06:24:18 GMT-04:00" duration-ms="8854">
    <groups>
    </groups>
    <test started-at="2023-05-28T06:24:09 GMT-04:00" name="Test" finished-at="2023-05-28T06:24:18 GMT-04:00" duration-ms="8854">
      <class name="com.bhavna.java.restassured.testClassPackage.POST_TC_1">
        <test-method signature="execute()[pri:0, instance:com.bhavna.java.restassured.testClassPackage.POST_TC_1@563f38c4]" started-at="2023-05-28T06:24:09 GMT-04:00" name="execute" finished-at="2023-05-28T06:24:15 GMT-04:00" duration-ms="6273" status="PASS">
          <reporter-output>
          </reporter-output>
        </test-method> <!-- execute -->
      </class> <!-- com.bhavna.java.restassured.testClassPackage.POST_TC_1 -->
      <class name="com.bhavna.java.restassured.testClassPackage.POST_TC_2">
        <test-method signature="execute()[pri:0, instance:com.bhavna.java.restassured.testClassPackage.POST_TC_2@2034b64c]" started-at="2023-05-28T06:24:16 GMT-04:00" name="execute" finished-at="2023-05-28T06:24:17 GMT-04:00" duration-ms="1224" status="PASS">
          <reporter-output>
          </reporter-output>
        </test-method> <!-- execute -->
      </class> <!-- com.bhavna.java.restassured.testClassPackage.POST_TC_2 -->
      <class name="com.bhavna.java.restassured.testClassPackage.POST_TC_3">
        <test-method signature="execute()[pri:0, instance:com.bhavna.java.restassured.testClassPackage.POST_TC_3@75d3a5e0]" started-at="2023-05-28T06:24:17 GMT-04:00" name="execute" finished-at="2023-05-28T06:24:18 GMT-04:00" duration-ms="1158" status="PASS">
          <reporter-output>
          </reporter-output>
        </test-method> <!-- execute -->
      </class> <!-- com.bhavna.java.restassured.testClassPackage.POST_TC_3 -->
    </test> <!-- Test -->
  </suite> <!-- Suite -->
</testng-results>
