<?xml version="1.0" encoding="UTF-8"?>
<!-- Generated by org.testng.reporters.JUnitXMLReporter -->
<testsuite ignored="0" hostname="BhavnaLappy" failures="0" tests="3" name="Test" time="8.854" errors="0" timestamp="2023-05-28T06:24:18 GMT-04:00">
  <testcase classname="com.bhavna.java.restassured.testClassPackage.POST_TC_1" name="execute" time="6.273"/>
  <testcase classname="com.bhavna.java.restassured.testClassPackage.POST_TC_2" name="execute" time="1.224"/>
  <testcase classname="com.bhavna.java.restassured.testClassPackage.POST_TC_3" name="execute" time="1.158"/>
</testsuite> <!-- Test -->
